app/build/intermediates/manifest_merge_blame_file/debug/manifest-merger-blame-debug-report.txt
1<?xml version="1.0" encoding="utf-8"?>
2<manifest xmlns:android="http://schemas.android.com/apk/res/android"
3    package="com.example.bluetoothassist"
4    android:versionCode="3"
5    android:versionName="2.0" >
6
7    <uses-sdk
7-->src\main\AndroidManifest.xml:7:5-47
8        android:minSdkVersion="16"
8-->src\main\AndroidManifest.xml:7:5-47
9        android:targetSdkVersion="29" />
9-->src\main\AndroidManifest.xml:7:15-44
10
11    <uses-permission android:name="android.permission.BLUETOOTH_ADMIN" />
11-->src\main\AndroidManifest.xml:9:5-74
11-->src\main\AndroidManifest.xml:9:22-71
12    <uses-permission android:name="android.permission.BLUETOOTH" />
12-->src\main\AndroidManifest.xml:10:5-68
12-->src\main\AndroidManifest.xml:10:22-65
13    <!-- SD卡操作权限 -->
14    <uses-permission android:name="android.permission.MOUNT_UNMOUNT_FILESYSTEMS" />
14-->src\main\AndroidManifest.xml:12:5-84
14-->src\main\AndroidManifest.xml:12:22-81
15    <uses-permission android:name="android.permission.WRITE_EXTERNAL_STORAGE" />
15-->src\main\AndroidManifest.xml:13:5-80
15-->src\main\AndroidManifest.xml:13:22-78
16    <uses-permission android:name="android.permission.READ_EXTERNAL_STORAGE" />
16-->src\main\AndroidManifest.xml:14:5-79
16-->src\main\AndroidManifest.xml:14:22-77
17
18    <application
18-->src\main\AndroidManifest.xml:15:5-34:19
19        android:allowBackup="true"
19-->src\main\AndroidManifest.xml:16:9-35
20        android:appComponentFactory="androidx.core.app.CoreComponentFactory"
20-->[androidx.core:core:1.0.0] AndroidManifest.xml:22:18-86
21        android:debuggable="true"
22        android:icon="@drawable/logo"
22-->src\main\AndroidManifest.xml:17:9-38
23        android:label="@string/app_name"
23-->src\main\AndroidManifest.xml:18:9-41
24        android:theme="@style/AppTheme" >
24-->src\main\AndroidManifest.xml:19:9-40
25        <activity
25-->src\main\AndroidManifest.xml:20:9-29:20
26            android:name="com.example.main.MainActivity"
26-->src\main\AndroidManifest.xml:21:13-57
27            android:label="@string/app_name"
27-->src\main\AndroidManifest.xml:22:13-45
28            android:screenOrientation="portrait" >
28-->src\main\AndroidManifest.xml:23:8-44
29"
30            <intent-filter>
30-->src\main\AndroidManifest.xml:24:13-28:29
31                <action android:name="android.intent.action.MAIN" />
31-->src\main\AndroidManifest.xml:25:17-69
31-->src\main\AndroidManifest.xml:25:25-66
32
33                <category android:name="android.intent.category.LAUNCHER" />
33-->src\main\AndroidManifest.xml:27:17-77
33-->src\main\AndroidManifest.xml:27:27-74
34            </intent-filter>
35        </activity>
36        <activity
36-->src\main\AndroidManifest.xml:30:10-33:72
37            android:name="com.example.bluetooth.DeviceListActivity"
37-->src\main\AndroidManifest.xml:30:20-75
38            android:configChanges="orientation|keyboardHidden"
38-->src\main\AndroidManifest.xml:33:19-69
39            android:label="蓝牙设备列表"
39-->src\main\AndroidManifest.xml:31:19-41
40            android:theme="@style/myTitle" />
40-->src\main\AndroidManifest.xml:32:19-49
41    </application>
42
43</manifest>